Started by user [8mha:////4K5vb+aojhfmLqdrX50InMX5UcNRWEaL0bYX/Qak+iOHAAAAlh+LCAAAAAAAAP9b85aBtbiIQTGjNKU4P08vOT+vOD8nVc83PyU1x6OyILUoJzMv2y+/JJUBAhiZGBgqihhk0NSjKDWzXb3RdlLBUSYGJk8GtpzUvPSSDB8G5tKinBIGIZ+sxLJE/ZzEvHT94JKizLx0a6BxUmjGOUNodHsLgAzREgYu/dLi1CL9kkSTVABrXts1vwAAAA==[0mÐšÐ¾Ð·Ð°Ðº ÐžÐ»ÐµÐ³ Ð”Ð¼Ð¸Ñ‚Ñ€Ð¸ÐµÐ²Ð¸Ñ‡
Running as SYSTEM
Building in workspace C:\ProgramData\Jenkins\.jenkins\workspace\Bring It On
The recommended git tool is: NONE
No credentials specified
Cloning the remote Git repository
Cloning repository https://github.com/vitalliuss/helloci
 > C:\Program Files\Git\cmd\git.exe init C:\ProgramData\Jenkins\.jenkins\workspace\Bring It On # timeout=10
Fetching upstream changes from https://github.com/vitalliuss/helloci
 > C:\Program Files\Git\cmd\git.exe --version # timeout=10
 > git --version # 'git version 2.41.0.windows.3'
 > C:\Program Files\Git\cmd\git.exe fetch --tags --force --progress -- https://github.com/vitalliuss/helloci +refs/heads/*:refs/remotes/origin/* # timeout=10
 > C:\Program Files\Git\cmd\git.exe config remote.origin.url https://github.com/vitalliuss/helloci # timeout=10
 > C:\Program Files\Git\cmd\git.exe config --add remote.origin.fetch +refs/heads/*:refs/remotes/origin/* # timeout=10
Avoid second fetch
 > C:\Program Files\Git\cmd\git.exe rev-parse "refs/remotes/origin/master^{commit}" # timeout=10
Checking out Revision 71518a34152cb6c6039a2443ced60af30a31f14c (refs/remotes/origin/master)
 > C:\Program Files\Git\cmd\git.exe config core.sparsecheckout # timeout=10
 > C:\Program Files\Git\cmd\git.exe checkout -f 71518a34152cb6c6039a2443ced60af30a31f14c # timeout=10
Commit message: "Merge pull request #16 from EvgeniyRozhenko/fix-pom-utf8"
First time build. Skipping changelog.
[Bring It On] $ cmd.exe /C "C:\apache-maven-3.9.5\bin\mvn.cmd test && exit %%ERRORLEVEL%%"
[INFO] Scanning for projects...
[INFO] ------------------------------------------------------------------------
[INFO] BUILD FAILURE
[INFO] ------------------------------------------------------------------------
[INFO] Total time:  0.113 s
[INFO] Finished at: 2023-10-18T20:56:33+03:00
[INFO] ------------------------------------------------------------------------
[8mha:////4ERQQtEHetqfxEOqCwrxwEf4qmn27cLFx5g3Hw6QPRIdAAAAYB+LCAAAAAAAAP9b85aBtbiIQSmjNKU4P0+vJLE4u1gvPjexLDVPzxdEuhYV5Rf55Zek1m9pfpLfVWLNxMBQUcQgBdWQnJ9XnJ+TqucMoUEKGSCAEaSwAABqVhoSYAAAAA==[0m[ERROR] The goal you specified requires a project to execute but there is no POM in this directory (C:\ProgramData\Jenkins\.jenkins\workspace\Bring It On). Please verify you invoked Maven from the correct directory. -> [Help 1]
[8mha:////4ERQQtEHetqfxEOqCwrxwEf4qmn27cLFx5g3Hw6QPRIdAAAAYB+LCAAAAAAAAP9b85aBtbiIQSmjNKU4P0+vJLE4u1gvPjexLDVPzxdEuhYV5Rf55Zek1m9pfpLfVWLNxMBQUcQgBdWQnJ9XnJ+TqucMoUEKGSCAEaSwAABqVhoSYAAAAA==[0m[ERROR] 
[8mha:////4ERQQtEHetqfxEOqCwrxwEf4qmn27cLFx5g3Hw6QPRIdAAAAYB+LCAAAAAAAAP9b85aBtbiIQSmjNKU4P0+vJLE4u1gvPjexLDVPzxdEuhYV5Rf55Zek1m9pfpLfVWLNxMBQUcQgBdWQnJ9XnJ+TqucMoUEKGSCAEaSwAABqVhoSYAAAAA==[0m[ERROR] To see the full stack trace of the errors, re-run Maven with the -e switch.
[8mha:////4ERQQtEHetqfxEOqCwrxwEf4qmn27cLFx5g3Hw6QPRIdAAAAYB+LCAAAAAAAAP9b85aBtbiIQSmjNKU4P0+vJLE4u1gvPjexLDVPzxdEuhYV5Rf55Zek1m9pfpLfVWLNxMBQUcQgBdWQnJ9XnJ+TqucMoUEKGSCAEaSwAABqVhoSYAAAAA==[0m[ERROR] Re-run Maven using the -X switch to enable full debug logging.
[8mha:////4ERQQtEHetqfxEOqCwrxwEf4qmn27cLFx5g3Hw6QPRIdAAAAYB+LCAAAAAAAAP9b85aBtbiIQSmjNKU4P0+vJLE4u1gvPjexLDVPzxdEuhYV5Rf55Zek1m9pfpLfVWLNxMBQUcQgBdWQnJ9XnJ+TqucMoUEKGSCAEaSwAABqVhoSYAAAAA==[0m[ERROR] 
[8mha:////4ERQQtEHetqfxEOqCwrxwEf4qmn27cLFx5g3Hw6QPRIdAAAAYB+LCAAAAAAAAP9b85aBtbiIQSmjNKU4P0+vJLE4u1gvPjexLDVPzxdEuhYV5Rf55Zek1m9pfpLfVWLNxMBQUcQgBdWQnJ9XnJ+TqucMoUEKGSCAEaSwAABqVhoSYAAAAA==[0m[ERROR] For more information about the errors and possible solutions, please read the following articles:
[8mha:////4ERQQtEHetqfxEOqCwrxwEf4qmn27cLFx5g3Hw6QPRIdAAAAYB+LCAAAAAAAAP9b85aBtbiIQSmjNKU4P0+vJLE4u1gvPjexLDVPzxdEuhYV5Rf55Zek1m9pfpLfVWLNxMBQUcQgBdWQnJ9XnJ+TqucMoUEKGSCAEaSwAABqVhoSYAAAAA==[0m[ERROR] [Help 1] http://cwiki.apache.org/confluence/display/MAVEN/MissingProjectException
Build step 'Invoke top-level Maven targets' marked build as failure
Finished: FAILURE
